#
# There is insufficient memory for the Java Runtime Environment to continue.
# Native memory allocation (malloc) failed to allocate 285936 bytes for Chunk::new
# Possible reasons:
#   The system is out of physical RAM or swap space
#   In 32 bit mode, the process size limit was hit
# Possible solutions:
#   Reduce memory load on the system
#   Increase physical memory or swap space
#   Check if swap backing store is full
#   Use 64 bit Java on a 64 bit OS
#   Decrease Java heap size (-Xmx/-Xms)
#   Decrease number of Java threads
#   Decrease Java thread stack sizes (-Xss)
#   Set larger code cache with -XX:ReservedCodeCacheSize=
# This output file may be truncated or incomplete.
#
#  Out of Memory Error (allocation.cpp:390), pid=19852, tid=0x000000000000192c
#
# JRE version: Java(TM) SE Runtime Environment (8.0_121-b13) (build 1.8.0_121-b13)
# Java VM: Java HotSpot(TM) 64-Bit Server VM (25.121-b13 mixed mode windows-amd64 compressed oops)
# Failed to write core dump. Minidumps are not enabled by default on client versions of Windows
#

---------------  T H R E A D  ---------------

Current thread (0x000000001e148000):  JavaThread "C2 CompilerThread0" daemon [_thread_in_native, id=6444, stack(0x000000001e900000,0x000000001ea00000)]

Stack: [0x000000001e900000,0x000000001ea00000]
[error occurred during error reporting (printing stack bounds), id 0xc0000005]

Native frames: (J=compiled Java code, j=interpreted, Vv=VM code, C=native code)


Current CompileTask:
C2:   6319 3874   !   4       org.springframework.util.ReflectionUtils::doWithMethods (176 bytes)


---------------  P R O C E S S  ---------------

Java Threads: ( => current thread )
  0x00000000244b2800 JavaThread "DestroyJavaVM" [_thread_blocked, id=16748, stack(0x0000000001100000,0x0000000001200000)]
  0x00000000244b9800 JavaThread "http-nio-8080-AsyncTimeout" daemon [_thread_blocked, id=8972, stack(0x0000000028ce0000,0x0000000028de0000)]
  0x00000000244b8800 JavaThread "http-nio-8080-Acceptor-0" daemon [_thread_in_native, id=24556, stack(0x0000000028be0000,0x0000000028ce0000)]
  0x00000000244b8000 JavaThread "http-nio-8080-ClientPoller-1" daemon [_thread_in_native, id=19800, stack(0x0000000028ae0000,0x0000000028be0000)]
  0x00000000244b6800 JavaThread "http-nio-8080-ClientPoller-0" daemon [_thread_in_native, id=15024, stack(0x00000000289e0000,0x0000000028ae0000)]
  0x00000000244b5800 JavaThread "http-nio-8080-exec-10" daemon [_thread_blocked, id=7592, stack(0x00000000288e0000,0x00000000289e0000)]
  0x00000000244b7000 JavaThread "http-nio-8080-exec-9" daemon [_thread_blocked, id=23636, stack(0x00000000287e0000,0x00000000288e0000)]
  0x00000000244b5000 JavaThread "http-nio-8080-exec-8" daemon [_thread_blocked, id=3084, stack(0x00000000286e0000,0x00000000287e0000)]
  0x00000000244b3800 JavaThread "http-nio-8080-exec-7" daemon [_thread_blocked, id=20144, stack(0x00000000285e0000,0x00000000286e0000)]
  0x00000000244b2000 JavaThread "http-nio-8080-exec-6" daemon [_thread_blocked, id=21140, stack(0x00000000284e0000,0x00000000285e0000)]
  0x00000000244b4000 JavaThread "http-nio-8080-exec-5" daemon [_thread_blocked, id=2432, stack(0x00000000283e0000,0x00000000284e0000)]
  0x000000002463a000 JavaThread "http-nio-8080-exec-4" daemon [_thread_blocked, id=15936, stack(0x00000000282e0000,0x00000000283e0000)]
  0x0000000024639000 JavaThread "http-nio-8080-exec-3" daemon [_thread_blocked, id=10492, stack(0x00000000281e0000,0x00000000282e0000)]
  0x000000002463c000 JavaThread "http-nio-8080-exec-2" daemon [_thread_blocked, id=23456, stack(0x00000000280e0000,0x00000000281e0000)]
  0x000000002463a800 JavaThread "http-nio-8080-exec-1" daemon [_thread_blocked, id=21292, stack(0x0000000027fe0000,0x00000000280e0000)]
  0x000000002463b800 JavaThread "NioBlockingSelector.BlockPoller-1" daemon [_thread_in_native, id=24964, stack(0x0000000027ee0000,0x0000000027fe0000)]
  0x0000000023102000 JavaThread "Tomcat JDBC Pool Cleaner[1023892928:1515686115833]" daemon [_thread_blocked, id=26404, stack(0x0000000025680000,0x0000000025780000)]
  0x0000000025eb1800 JavaThread "container-0" [_thread_blocked, id=20576, stack(0x0000000025580000,0x0000000025680000)]
  0x00000000250f8800 JavaThread "ContainerBackgroundProcessor[StandardEngine[Tomcat]]" daemon [_thread_blocked, id=21896, stack(0x0000000025480000,0x0000000025580000)]
  0x00000000231a4800 JavaThread "localhost-startStop-1" daemon [_thread_blocked, id=24596, stack(0x0000000025180000,0x0000000025280000)]
  0x0000000023995800 JavaThread "Tomcat-startStop-1" daemon [_thread_blocked, id=7572, stack(0x0000000022bc0000,0x0000000022cc0000)]
  0x000000001f04a800 JavaThread "Monitor Ctrl-Break" daemon [_thread_in_native, id=6532, stack(0x000000001f840000,0x000000001f940000)]
  0x000000001e1f2000 JavaThread "Service Thread" daemon [_thread_blocked, id=24356, stack(0x000000001ed00000,0x000000001ee00000)]
  0x000000001e157000 JavaThread "C1 CompilerThread3" daemon [_thread_blocked, id=25948, stack(0x000000001ec00000,0x000000001ed00000)]
  0x000000001e152000 JavaThread "C2 CompilerThread2" daemon [_thread_in_native, id=4108, stack(0x000000001eb00000,0x000000001ec00000)]
  0x000000001e14c000 JavaThread "C2 CompilerThread1" daemon [_thread_in_native, id=8588, stack(0x000000001ea00000,0x000000001eb00000)]
=>0x000000001e148000 JavaThread "C2 CompilerThread0" daemon [_thread_in_native, id=6444, stack(0x000000001e900000,0x000000001ea00000)]
  0x000000001e143000 JavaThread "Attach Listener" daemon [_thread_blocked, id=22280, stack(0x000000001e800000,0x000000001e900000)]
  0x000000001e142000 JavaThread "Signal Dispatcher" daemon [_thread_blocked, id=15664, stack(0x000000001e700000,0x000000001e800000)]
  0x000000001e130800 JavaThread "Finalizer" daemon [_thread_blocked, id=14108, stack(0x000000001e510000,0x000000001e610000)]
  0x000000001c24d000 JavaThread "Reference Handler" daemon [_thread_blocked, id=3120, stack(0x000000001e010000,0x000000001e110000)]

Other Threads:
  0x000000001c248800 VMThread [stack: 0x000000001df10000,0x000000001e010000] [id=26600]
  0x000000001e22b000 WatcherThread [stack: 0x000000001ee00000,0x000000001ef00000] [id=20460]

VM state:not at safepoint (normal execution)

VM Mutex/Monitor currently owned by a thread: None

Heap:
 PSYoungGen      total 186368K, used 56406K [0x000000076b500000, 0x0000000777e80000, 0x00000007c0000000)
  eden space 171520K, 25% used [0x000000076b500000,0x000000076dff5718,0x0000000775c80000)
  from space 14848K, 83% used [0x0000000777000000,0x0000000777c20210,0x0000000777e80000)
  to   space 17408K, 0% used [0x0000000775c80000,0x0000000775c80000,0x0000000776d80000)
 ParOldGen       total 190976K, used 23128K [0x00000006c1e00000, 0x00000006cd880000, 0x000000076b500000)
  object space 190976K, 12% used [0x00000006c1e00000,0x00000006c3496358,0x00000006cd880000)
 Metaspace       used 50111K, capacity 50518K, committed 50816K, reserved 1093632K
  class space    used 6584K, capacity 6688K, committed 6784K, reserved 1048576K

Card table byte_map: [0x0000000001720000,0x0000000001f20000] byte_map_base: 0xfffffffffe111000

Marking Bits: (ParMarkBitMap*) 0x000000007412b6d0
 Begin Bits: [0x0000000013150000, 0x00000000170d8000)
 End Bits:   [0x00000000170d8000, 0x000000001b060000)

Polling page: 0x0000000000d70000

CodeCache: size=245760Kb used=14583Kb max_used=16242Kb free=231176Kb
 bounds [0x0000000003400000, 0x00000000043f0000, 0x0000000012400000]
 total_blobs=4253 nmethods=3740 adapters=424
 compilation: enabled

Compilation events (10 events):
Event: 6.282 Thread 0x000000001e157000 4330       2       java.util.concurrent.ConcurrentHashMap$BaseIterator::remove (37 bytes)
Event: 6.282 Thread 0x000000001e157000 nmethod 4330 0x000000000367b690 code [0x000000000367b800, 0x000000000367ba58]
Event: 6.284 Thread 0x000000001e157000 4331       1       org.springframework.data.jpa.repository.config.JpaMetamodelMappingContextFactoryBean::getObjectType (3 bytes)
Event: 6.284 Thread 0x000000001e157000 nmethod 4331 0x000000000378c890 code [0x000000000378c9e0, 0x000000000378caf0]
Event: 6.285 Thread 0x000000001e157000 4332       2       org.springframework.core.$Proxy0::<init> (6 bytes)
Event: 6.286 Thread 0x000000001e157000 nmethod 4332 0x00000000036ac050 code [0x00000000036ac1c0, 0x00000000036ac408]
Event: 6.286 Thread 0x000000001e157000 4333       2       org.springframework.core.annotation.AnnotationAwareOrderComparator::findOrder (139 bytes)
Event: 6.287 Thread 0x000000001e157000 nmethod 4333 0x00000000036e9490 code [0x00000000036e9720, 0x00000000036ea2d8]
Event: 6.287 Thread 0x000000001e157000 4334       2       org.springframework.core.OrderComparator::findOrder (24 bytes)
Event: 6.287 Thread 0x000000001e157000 nmethod 4334 0x00000000038b52d0 code [0x00000000038b5440, 0x00000000038b5728]

GC Heap History (10 events):
Event: 3.111 GC heap before
{Heap before GC invocations=6 (full 1):
 PSYoungGen      total 97280K, used 97191K [0x000000076b500000, 0x0000000774480000, 0x00000007c0000000)
  eden space 92160K, 100% used [0x000000076b500000,0x0000000770f00000,0x0000000770f00000)
  from space 5120K, 98% used [0x0000000773f80000,0x0000000774469d98,0x0000000774480000)
  to   space 10752K, 0% used [0x0000000772f80000,0x0000000772f80000,0x0000000773a00000)
 ParOldGen       total 111616K, used 9075K [0x00000006c1e00000, 0x00000006c8b00000, 0x000000076b500000)
  object space 111616K, 8% used [0x00000006c1e00000,0x00000006c26dceb8,0x00000006c8b00000)
 Metaspace       used 28525K, capacity 28888K, committed 29056K, reserved 1075200K
  class space    used 3547K, capacity 3657K, committed 3712K, reserved 1048576K
Event: 3.121 GC heap after
Heap after GC invocations=6 (full 1):
 PSYoungGen      total 136192K, used 10734K [0x000000076b500000, 0x0000000774e00000, 0x00000007c0000000)
  eden space 125440K, 0% used [0x000000076b500000,0x000000076b500000,0x0000000772f80000)
  from space 10752K, 99% used [0x0000000772f80000,0x00000007739fbb10,0x0000000773a00000)
  to   space 12800K, 0% used [0x0000000774180000,0x0000000774180000,0x0000000774e00000)
 ParOldGen       total 111616K, used 10174K [0x00000006c1e00000, 0x00000006c8b00000, 0x000000076b500000)
  object space 111616K, 9% used [0x00000006c1e00000,0x00000006c27ef948,0x00000006c8b00000)
 Metaspace       used 28525K, capacity 28888K, committed 29056K, reserved 1075200K
  class space    used 3547K, capacity 3657K, committed 3712K, reserved 1048576K
}
Event: 3.758 GC heap before
{Heap before GC invocations=7 (full 1):
 PSYoungGen      total 136192K, used 103058K [0x000000076b500000, 0x0000000774e00000, 0x00000007c0000000)
  eden space 125440K, 73% used [0x000000076b500000,0x0000000770f28d18,0x0000000772f80000)
  from space 10752K, 99% used [0x0000000772f80000,0x00000007739fbb10,0x0000000773a00000)
  to   space 12800K, 0% used [0x0000000774180000,0x0000000774180000,0x0000000774e00000)
 ParOldGen       total 111616K, used 10174K [0x00000006c1e00000, 0x00000006c8b00000, 0x000000076b500000)
  object space 111616K, 9% used [0x00000006c1e00000,0x00000006c27ef948,0x00000006c8b00000)
 Metaspace       used 35012K, capacity 35356K, committed 35456K, reserved 1081344K
  class space    used 4382K, capacity 4463K, committed 4480K, reserved 1048576K
Event: 3.767 GC heap after
Heap after GC invocations=7 (full 1):
 PSYoungGen      total 139776K, used 12785K [0x000000076b500000, 0x0000000778480000, 0x00000007c0000000)
  eden space 126976K, 0% used [0x000000076b500000,0x000000076b500000,0x0000000773100000)
  from space 12800K, 99% used [0x0000000774180000,0x0000000774dfc500,0x0000000774e00000)
  to   space 16896K, 0% used [0x0000000773100000,0x0000000773100000,0x0000000774180000)
 ParOldGen       total 111616K, used 14376K [0x00000006c1e00000, 0x00000006c8b00000, 0x000000076b500000)
  object space 111616K, 12% used [0x00000006c1e00000,0x00000006c2c0a040,0x00000006c8b00000)
 Metaspace       used 35012K, capacity 35356K, committed 35456K, reserved 1081344K
  class space    used 4382K, capacity 4463K, committed 4480K, reserved 1048576K
}
Event: 3.767 GC heap before
{Heap before GC invocations=8 (full 2):
 PSYoungGen      total 139776K, used 12785K [0x000000076b500000, 0x0000000778480000, 0x00000007c0000000)
  eden space 126976K, 0% used [0x000000076b500000,0x000000076b500000,0x0000000773100000)
  from space 12800K, 99% used [0x0000000774180000,0x0000000774dfc500,0x0000000774e00000)
  to   space 16896K, 0% used [0x0000000773100000,0x0000000773100000,0x0000000774180000)
 ParOldGen       total 111616K, used 14376K [0x00000006c1e00000, 0x00000006c8b00000, 0x000000076b500000)
  object space 111616K, 12% used [0x00000006c1e00000,0x00000006c2c0a040,0x00000006c8b00000)
 Metaspace       used 35012K, capacity 35356K, committed 35456K, reserved 1081344K
  class space    used 4382K, capacity 4463K, committed 4480K, reserved 1048576K
Event: 3.817 GC heap after
Heap after GC invocations=8 (full 2):
 PSYoungGen      total 139776K, used 0K [0x000000076b500000, 0x0000000778480000, 0x00000007c0000000)
  eden space 126976K, 0% used [0x000000076b500000,0x000000076b500000,0x0000000773100000)
  from space 12800K, 0% used [0x0000000774180000,0x0000000774180000,0x0000000774e00000)
  to   space 16896K, 0% used [0x0000000773100000,0x0000000773100000,0x0000000774180000)
 ParOldGen       total 190976K, used 23112K [0x00000006c1e00000, 0x00000006cd880000, 0x000000076b500000)
  object space 190976K, 12% used [0x00000006c1e00000,0x00000006c3492358,0x00000006cd880000)
 Metaspace       used 35012K, capacity 35356K, committed 35456K, reserved 1081344K
  class space    used 4382K, capacity 4463K, committed 4480K, reserved 1048576K
}
Event: 5.056 GC heap before
{Heap before GC invocations=9 (full 2):
 PSYoungGen      total 139776K, used 126976K [0x000000076b500000, 0x0000000778480000, 0x00000007c0000000)
  eden space 126976K, 100% used [0x000000076b500000,0x0000000773100000,0x0000000773100000)
  from space 12800K, 0% used [0x0000000774180000,0x0000000774180000,0x0000000774e00000)
  to   space 16896K, 0% used [0x0000000773100000,0x0000000773100000,0x0000000774180000)
 ParOldGen       total 190976K, used 23112K [0x00000006c1e00000, 0x00000006cd880000, 0x000000076b500000)
  object space 190976K, 12% used [0x00000006c1e00000,0x00000006c3492358,0x00000006cd880000)
 Metaspace       used 45307K, capacity 45710K, committed 45952K, reserved 1089536K
  class space    used 5893K, capacity 6008K, committed 6016K, reserved 1048576K
Event: 5.066 GC heap after
Heap after GC invocations=9 (full 2):
 PSYoungGen      total 143872K, used 13018K [0x000000076b500000, 0x0000000778100000, 0x00000007c0000000)
  eden space 126976K, 0% used [0x000000076b500000,0x000000076b500000,0x0000000773100000)
  from space 16896K, 77% used [0x0000000773100000,0x0000000773db69d0,0x0000000774180000)
  to   space 17408K, 0% used [0x0000000777000000,0x0000000777000000,0x0000000778100000)
 ParOldGen       total 190976K, used 23120K [0x00000006c1e00000, 0x00000006cd880000, 0x000000076b500000)
  object space 190976K, 12% used [0x00000006c1e00000,0x00000006c3494358,0x00000006cd880000)
 Metaspace       used 45307K, capacity 45710K, committed 45952K, reserved 1089536K
  class space    used 5893K, capacity 6008K, committed 6016K, reserved 1048576K
}
Event: 6.031 GC heap before
{Heap before GC invocations=10 (full 2):
 PSYoungGen      total 143872K, used 139994K [0x000000076b500000, 0x0000000778100000, 0x00000007c0000000)
  eden space 126976K, 100% used [0x000000076b500000,0x0000000773100000,0x0000000773100000)
  from space 16896K, 77% used [0x0000000773100000,0x0000000773db69d0,0x0000000774180000)
  to   space 17408K, 0% used [0x0000000777000000,0x0000000777000000,0x0000000778100000)
 ParOldGen       total 190976K, used 23120K [0x00000006c1e00000, 0x00000006cd880000, 0x000000076b500000)
  object space 190976K, 12% used [0x00000006c1e00000,0x00000006c3494358,0x00000006cd880000)
 Metaspace       used 49284K, capacity 49714K, committed 49920K, reserved 1093632K
  class space    used 6473K, capacity 6590K, committed 6656K, reserved 1048576K
Event: 6.039 GC heap after
Heap after GC invocations=10 (full 2):
 PSYoungGen      total 186368K, used 12416K [0x000000076b500000, 0x0000000777e80000, 0x00000007c0000000)
  eden space 171520K, 0% used [0x000000076b500000,0x000000076b500000,0x0000000775c80000)
  from space 14848K, 83% used [0x0000000777000000,0x0000000777c20210,0x0000000777e80000)
  to   space 17408K, 0% used [0x0000000775c80000,0x0000000775c80000,0x0000000776d80000)
 ParOldGen       total 190976K, used 23128K [0x00000006c1e00000, 0x00000006cd880000, 0x000000076b500000)
  object space 190976K, 12% used [0x00000006c1e00000,0x00000006c3496358,0x00000006cd880000)
 Metaspace       used 49284K, capacity 49714K, committed 49920K, reserved 1093632K
  class space    used 6473K, capacity 6590K, committed 6656K, reserved 1048576K
}

Deoptimization events (10 events):
Event: 5.603 Thread 0x0000000001264800 Uncommon trap: reason=unstable_if action=reinterpret pc=0x000000000394cb60 method=java.io.WinNTFileSystem.isLetter(C)Z @ 3
Event: 5.786 Thread 0x0000000001264800 Uncommon trap: reason=unstable_if action=reinterpret pc=0x0000000003f5c3b8 method=java.util.Arrays$ArrayList.indexOf(Ljava/lang/Object;)I @ 6
Event: 5.910 Thread 0x0000000001264800 Uncommon trap: reason=bimorphic action=maybe_recompile pc=0x0000000003efc808 method=java.util.AbstractList$Itr.next()Ljava/lang/Object; @ 14
Event: 5.910 Thread 0x0000000001264800 Uncommon trap: reason=bimorphic action=maybe_recompile pc=0x0000000003efc808 method=java.util.AbstractList$Itr.next()Ljava/lang/Object; @ 14
Event: 5.921 Thread 0x0000000001264800 Uncommon trap: reason=bimorphic action=maybe_recompile pc=0x0000000003efc808 method=java.util.AbstractList$Itr.next()Ljava/lang/Object; @ 14
Event: 5.926 Thread 0x0000000001264800 Uncommon trap: reason=unstable_if action=reinterpret pc=0x00000000041c2754 method=java.lang.ClassLoader.preDefineClass(Ljava/lang/String;Ljava/security/ProtectionDomain;)Ljava/security/ProtectionDomain; @ 86
Event: 5.929 Thread 0x0000000001264800 Uncommon trap: reason=bimorphic action=maybe_recompile pc=0x0000000003efc808 method=java.util.AbstractList$Itr.next()Ljava/lang/Object; @ 14
Event: 6.017 Thread 0x0000000001264800 Uncommon trap: reason=unstable_if action=reinterpret pc=0x000000000412f41c method=java.util.WeakHashMap.put(Ljava/lang/Object;Ljava/lang/Object;)Ljava/lang/Object; @ 47
Event: 6.208 Thread 0x0000000001264800 Uncommon trap: reason=unstable_if action=reinterpret pc=0x0000000003ea83b4 method=java.lang.Class$MethodArray.addIfNotPresent(Ljava/lang/reflect/Method;)V @ 19
Event: 6.225 Thread 0x0000000001264800 Uncommon trap: reason=unstable_if action=reinterpret pc=0x0000000003ecf954 method=org.springframework.util.ConcurrentReferenceHashMap$Segment.clear()V @ 4

Internal exceptions (10 events):
Event: 6.148 Thread 0x0000000001264800 Exception <a 'java/lang/ClassNotFoundException': java/lang/ObjectCustomizer> (0x000000076c6c7630) thrown at [C:\re\workspace\8-2-build-windows-amd64-cygwin\jdk8u121\8372\hotspot\src\share\vm\classfile\systemDictionary.cpp, line 210]
Event: 6.148 Thread 0x0000000001264800 Exception <a 'java/lang/ClassNotFoundException': org/springframework/boot/autoconfigure/web/WebClientAutoConfiguration$RestTemplateConfigurationCustomizer> (0x000000076c6e98e0) thrown at [C:\re\workspace\8-2-build-windows-amd64-cygwin\jdk8u121\8372\hotspo
Event: 6.149 Thread 0x0000000001264800 Exception <a 'java/lang/ClassNotFoundException': org/springframework/boot/autoconfigure/web/WebClientAutoConfiguration$RestTemplateConfiguration$$EnhancerBySpringCGLIB$$b82265fcCustomizer> (0x000000076c711538) thrown at [C:\re\workspace\8-2-build-windows-
Event: 6.149 Thread 0x0000000001264800 Exception <a 'java/lang/ClassNotFoundException': org/springframework/context/annotation/ConfigurationClassEnhancer$EnhancedConfigurationCustomizer> (0x000000076c735608) thrown at [C:\re\workspace\8-2-build-windows-amd64-cygwin\jdk8u121\8372\hotspot\src\sh
Event: 6.155 Thread 0x0000000001264800 Exception <a 'java/lang/ClassNotFoundException': org/springframework/boot/web/client/RestTemplateBuilderBeanInfo> (0x000000076c7d6710) thrown at [C:\re\workspace\8-2-build-windows-amd64-cygwin\jdk8u121\8372\hotspot\src\share\vm\classfile\systemDictionary.
Event: 6.155 Thread 0x0000000001264800 Exception <a 'java/lang/ClassNotFoundException': org/springframework/boot/web/client/RestTemplateBuilderCustomizer> (0x000000076c7eb6f0) thrown at [C:\re\workspace\8-2-build-windows-amd64-cygwin\jdk8u121\8372\hotspot\src\share\vm\classfile\systemDictionar
Event: 6.157 Thread 0x0000000001264800 Exception <a 'java/lang/ClassNotFoundException': java/lang/ObjectCustomizer> (0x000000076c820528) thrown at [C:\re\workspace\8-2-build-windows-amd64-cygwin\jdk8u121\8372\hotspot\src\share\vm\classfile\systemDictionary.cpp, line 210]
Event: 6.157 Thread 0x0000000001264800 Exception <a 'java/lang/ClassNotFoundException': org/springframework/boot/autoconfigure/web/WebClientAutoConfigurationCustomizer> (0x000000076c83c950) thrown at [C:\re\workspace\8-2-build-windows-amd64-cygwin\jdk8u121\8372\hotspot\src\share\vm\classfile\s
Event: 6.158 Thread 0x0000000001264800 Exception <a 'java/lang/ClassNotFoundException': org/springframework/boot/autoconfigure/web/WebClientAutoConfiguration$$EnhancerBySpringCGLIB$$c1921398Customizer> (0x000000076c85e200) thrown at [C:\re\workspace\8-2-build-windows-amd64-cygwin\jdk8u121\8372
Event: 6.158 Thread 0x0000000001264800 Exception <a 'java/lang/ClassNotFoundException': org/springframework/context/annotation/ConfigurationClassEnhancer$EnhancedConfigurationCustomizer> (0x000000076c8807d8) thrown at [C:\re\workspace\8-2-build-windows-amd64-cygwin\jdk8u121\8372\hotspot\src\sh

Events (10 events):
Event: 6.283 loading class org/springframework/util/ConcurrentReferenceHashMap$EntryIterator
Event: 6.283 loading class org/springframework/util/ConcurrentReferenceHashMap$EntryIterator done
Event: 6.283 loading class org/springframework/boot/ApplicationRunner
Event: 6.283 loading class org/springframework/boot/ApplicationRunner done
Event: 6.284 loading class org/springframework/boot/CommandLineRunner
Event: 6.284 loading class org/springframework/boot/CommandLineRunner done
Event: 6.286 loading class org/springframework/util/StopWatch$TaskInfo
Event: 6.286 loading class org/springframework/util/StopWatch$TaskInfo done
Event: 6.286 Thread 0x0000000001264800 Thread exited: 0x0000000001264800
Event: 6.286 Thread 0x00000000244b2800 Thread added: 0x00000000244b2800


Dynamic libraries:
0x00007ff74eae0000 - 0x00007ff74eb17000 	C:\Program Files\Java\jdk1.8.0_121\bin\java.exe
0x00007ffbfc2a0000 - 0x00007ffbfc472000 	C:\WINDOWS\SYSTEM32\ntdll.dll
0x00007ffbfa0c0000 - 0x00007ffbfa16c000 	C:\WINDOWS\System32\KERNEL32.DLL
0x00007ffbf87a0000 - 0x00007ffbf89bd000 	C:\WINDOWS\System32\KERNELBASE.dll
0x00007ffbfc0f0000 - 0x00007ffbfc192000 	C:\WINDOWS\System32\ADVAPI32.dll
0x00007ffbf9de0000 - 0x00007ffbf9e7e000 	C:\WINDOWS\System32\msvcrt.dll
0x00007ffbfc090000 - 0x00007ffbfc0e9000 	C:\WINDOWS\System32\sechost.dll
0x00007ffbfb9a0000 - 0x00007ffbfbac1000 	C:\WINDOWS\System32\RPCRT4.dll
0x00007ffbf9830000 - 0x00007ffbf9995000 	C:\WINDOWS\System32\USER32.dll
0x00007ffbf9690000 - 0x00007ffbf96ae000 	C:\WINDOWS\System32\win32u.dll
0x00007ffbfb950000 - 0x00007ffbfb984000 	C:\WINDOWS\System32\GDI32.dll
0x00007ffbf96b0000 - 0x00007ffbf9830000 	C:\WINDOWS\System32\gdi32full.dll
0x00007ffbeaec0000 - 0x00007ffbeb13a000 	C:\WINDOWS\WinSxS\amd64_microsoft.windows.common-controls_6595b64144ccf1df_6.0.14393.953_none_42151e83c686086b\COMCTL32.dll
0x00007ffbfa170000 - 0x00007ffbfa438000 	C:\WINDOWS\System32\combase.dll
0x00007ffbf9420000 - 0x00007ffbf9515000 	C:\WINDOWS\System32\ucrtbase.dll
0x00007ffbf9620000 - 0x00007ffbf968a000 	C:\WINDOWS\System32\bcryptPrimitives.dll
0x00007ffbfbfc0000 - 0x00007ffbfbfee000 	C:\WINDOWS\System32\IMM32.DLL
0x0000000075610000 - 0x00000000756e2000 	C:\Program Files\Java\jdk1.8.0_121\jre\bin\msvcr100.dll
0x0000000073910000 - 0x00000000741ab000 	C:\Program Files\Java\jdk1.8.0_121\jre\bin\server\jvm.dll
0x00007ffbf9b00000 - 0x00007ffbf9b08000 	C:\WINDOWS\System32\PSAPI.DLL
0x00007ffbe8c60000 - 0x00007ffbe8c69000 	C:\WINDOWS\SYSTEM32\WSOCK32.dll
0x00007ffbf6b60000 - 0x00007ffbf6b83000 	C:\WINDOWS\SYSTEM32\WINMM.dll
0x00007ffbeb3f0000 - 0x00007ffbeb3fa000 	C:\WINDOWS\SYSTEM32\VERSION.dll
0x00007ffbfa040000 - 0x00007ffbfa0aa000 	C:\WINDOWS\System32\WS2_32.dll
0x00007ffbf6b00000 - 0x00007ffbf6b2b000 	C:\WINDOWS\SYSTEM32\WINMMBASE.dll
0x00007ffbf95d0000 - 0x00007ffbf9612000 	C:\WINDOWS\System32\cfgmgr32.dll
0x00000000767d0000 - 0x00000000767df000 	C:\Program Files\Java\jdk1.8.0_121\jre\bin\verify.dll
0x00000000767a0000 - 0x00000000767c9000 	C:\Program Files\Java\jdk1.8.0_121\jre\bin\java.dll
0x0000000076780000 - 0x0000000076796000 	C:\Program Files\Java\jdk1.8.0_121\jre\bin\zip.dll
0x00007ffbfa440000 - 0x00007ffbfb949000 	C:\WINDOWS\System32\SHELL32.dll
0x00007ffbf8ad0000 - 0x00007ffbf91a9000 	C:\WINDOWS\System32\windows.storage.dll
0x00007ffbf8750000 - 0x00007ffbf879c000 	C:\WINDOWS\System32\powrprof.dll
0x00007ffbf9fe0000 - 0x00007ffbfa032000 	C:\WINDOWS\System32\shlwapi.dll
0x00007ffbf8730000 - 0x00007ffbf873f000 	C:\WINDOWS\System32\kernel.appcore.dll
0x00007ffbf9520000 - 0x00007ffbf95c9000 	C:\WINDOWS\System32\shcore.dll
0x00007ffbf8710000 - 0x00007ffbf8724000 	C:\WINDOWS\System32\profapi.dll
0x00007ffbdfd80000 - 0x00007ffbdfd90000 	C:\Program Files (x86)\JetBrains\IntelliJ IDEA Community Edition 2016.3.4\bin\breakgen64.dll
0x00000000755f0000 - 0x000000007560a000 	C:\Program Files\Java\jdk1.8.0_121\jre\bin\net.dll
0x00007ffbf7fe0000 - 0x00007ffbf803c000 	C:\WINDOWS\system32\mswsock.dll
0x0000000076660000 - 0x000000007666d000 	C:\Program Files\Java\jdk1.8.0_121\jre\bin\management.dll
0x00007ffbe1b70000 - 0x00007ffbe1b86000 	C:\WINDOWS\system32\napinsp.dll
0x00007ffbe1960000 - 0x00007ffbe197a000 	C:\WINDOWS\system32\pnrpnsp.dll
0x00007ffbf43d0000 - 0x00007ffbf43e8000 	C:\WINDOWS\system32\NLAapi.dll
0x00007ffbf7da0000 - 0x00007ffbf7e41000 	C:\WINDOWS\SYSTEM32\DNSAPI.dll
0x00007ffbfb990000 - 0x00007ffbfb998000 	C:\WINDOWS\System32\NSI.dll
0x00007ffbf7d60000 - 0x00007ffbf7d98000 	C:\WINDOWS\SYSTEM32\IPHLPAPI.DLL
0x00007ffbe4040000 - 0x00007ffbe404e000 	C:\WINDOWS\System32\winrnr.dll
0x0000000077ee0000 - 0x0000000077f06000 	C:\Program Files\Bonjour\mdnsNSP.dll
0x00007ffbe3e30000 - 0x00007ffbe3e45000 	C:\WINDOWS\System32\wshbth.dll
0x00007ffbf2220000 - 0x00007ffbf222a000 	C:\Windows\System32\rasadhlp.dll
0x00007ffbf27d0000 - 0x00007ffbf283a000 	C:\WINDOWS\System32\fwpuclnt.dll
0x00007ffbf8650000 - 0x00007ffbf867b000 	C:\WINDOWS\SYSTEM32\bcrypt.dll
0x00000000755d0000 - 0x00000000755e1000 	C:\Program Files\Java\jdk1.8.0_121\jre\bin\nio.dll
0x00007ffbf8180000 - 0x00007ffbf8197000 	C:\WINDOWS\SYSTEM32\CRYPTSP.dll
0x00007ffbf7be0000 - 0x00007ffbf7c13000 	C:\WINDOWS\system32\rsaenh.dll
0x00007ffbf7e60000 - 0x00007ffbf7e7f000 	C:\WINDOWS\SYSTEM32\USERENV.dll
0x00007ffbf81a0000 - 0x00007ffbf81ab000 	C:\WINDOWS\SYSTEM32\CRYPTBASE.dll
0x00007ffbf2d00000 - 0x00007ffbf2d16000 	C:\WINDOWS\SYSTEM32\dhcpcsvc6.DLL
0x00007ffbf2c70000 - 0x00007ffbf2c8a000 	C:\WINDOWS\SYSTEM32\dhcpcsvc.DLL

VM Arguments:
jvm_args: -Didea.launcher.port=7532 -Didea.launcher.bin.path=C:\Program Files (x86)\JetBrains\IntelliJ IDEA Community Edition 2016.3.4\bin -Dfile.encoding=UTF-8 
java_command: com.intellij.rt.execution.application.AppMain DocGen.Application
java_class_path (initial): C:\Program Files\Java\jdk1.8.0_121\jre\lib\charsets.jar;C:\Program Files\Java\jdk1.8.0_121\jre\lib\deploy.jar;C:\Program Files\Java\jdk1.8.0_121\jre\lib\ext\access-bridge-64.jar;C:\Program Files\Java\jdk1.8.0_121\jre\lib\ext\cldrdata.jar;C:\Program Files\Java\jdk1.8.0_121\jre\lib\ext\dnsns.jar;C:\Program Files\Java\jdk1.8.0_121\jre\lib\ext\jaccess.jar;C:\Program Files\Java\jdk1.8.0_121\jre\lib\ext\jfxrt.jar;C:\Program Files\Java\jdk1.8.0_121\jre\lib\ext\localedata.jar;C:\Program Files\Java\jdk1.8.0_121\jre\lib\ext\nashorn.jar;C:\Program Files\Java\jdk1.8.0_121\jre\lib\ext\sunec.jar;C:\Program Files\Java\jdk1.8.0_121\jre\lib\ext\sunjce_provider.jar;C:\Program Files\Java\jdk1.8.0_121\jre\lib\ext\sunmscapi.jar;C:\Program Files\Java\jdk1.8.0_121\jre\lib\ext\sunpkcs11.jar;C:\Program Files\Java\jdk1.8.0_121\jre\lib\ext\zipfs.jar;C:\Program Files\Java\jdk1.8.0_121\jre\lib\javaws.jar;C:\Program Files\Java\jdk1.8.0_121\jre\lib\jce.jar;C:\Program Files\Java\jdk1.8.0_121\jre\lib\jfr.jar;C:\Program Files\Java\jdk1.8.0_121\jre\lib\jfxswt.jar;C:\Program Files\Java\jdk1.8.0_121\jre\lib\jsse.jar;C:\Program Files\Java\jdk1.8.0_121\jre\lib\management-agent.jar;C:\Program Files\Java\jdk1.8.0_121\jre\lib\plugin.jar;C:\Program Files\Java\jdk1.8.0_121\jre\lib\resources.jar;C:\Program Files\Java\jdk1.8.0_121\jre\lib\rt.jar;C:\Users\alloyer\IdeaProjects\DocGen\target\classes;C:\Users\alloyer\.m2\repository\org\springframework\boot\spring-boot-starter-data-jpa\1.5.9.RELEASE\spring-boot-starter-data-jpa-1.5.9.RELEASE.jar;C:\Users\alloyer\.m2\repository\org\springframework\boot\spring-boot-starter\1.5.9.RELEASE\spring-boot-starter-1.5.9.RELEASE.jar;C:\Users\alloyer\.m2\repository\org\springframework\boot\spring-boot\1.5.9.RELEASE\spring-boot-1.5.9.RELEASE.jar;C:\Users\alloyer\.m2\repository\org\springframework\boot\spring-boot-autoconfigure\1.5.9.RELEASE\spring-boot-autoconfigure-1.5.9.RELEASE.jar;C:\Users\alloyer\.m2\repository\org\springframework\boot\spring-boo
Launcher Type: SUN_STANDARD

Environment Variables:
JAVA_HOME=C:\Program Files\Java\jdk1.8.0_121
PATH=C:\Program Files\Java\jdk1.8.0_121\bin;C:\Program Files\nodejs\;C:\Program Files\Git\cmd;C:\Users\alloyer\AppData\Local\Microsoft\WindowsApps;C:\Users\alloyer\AppData\Roaming\npm;C:\Program Files\Microsoft VS Code\bin
USERNAME=alloyer
OS=Windows_NT
PROCESSOR_IDENTIFIER=Intel64 Family 6 Model 94 Stepping 3, GenuineIntel



---------------  S Y S T E M  ---------------

OS: Windows 10.0 , 64 bit Build 14393 (10.0.14393.1198)

CPU:total 8 (4 cores per cpu, 2 threads per core) family 6 model 94 stepping 3, cmov, cx8, fxsr, mmx, sse, sse2, sse3, ssse3, sse4.1, sse4.2, popcnt, avx, avx2, aes, clmul, erms, rtm, 3dnowpref, lzcnt, ht, tsc, tscinvbit, bmi1, bmi2, adx

Memory: 4k page, physical 16652900k(7207676k free), swap 21683872k(4284k free)

vm_info: Java HotSpot(TM) 64-Bit Server VM (25.121-b13) for windows-amd64 JRE (1.8.0_121-b13), built on Dec 12 2016 18:21:36 by "java_re" with MS VC++ 10.0 (VS2010)

time: Thu Jan 11 18:55:18 2018
elapsed time: 6 seconds (0d 0h 0m 6s)

